2025-11-27T11:06:40.985-06:00  INFO 70803 --- [main] c.h.a.c.CustomScannersServiceApplication : Starting CustomScannersServiceApplication v1.1.3 using Java 21.0.9 with PID 70803 (/home/jack/.vscode/extensions/hcltechnologies.hclappscancodesweep-1.5.1/lib/custom-scanners-service-1.1.3.jar started by jack in /home/jack/Downloads/code)
2025-11-27T11:06:40.989-06:00  INFO 70803 --- [main] c.h.a.c.CustomScannersServiceApplication : No active profile set, falling back to 1 default profile: "default"
2025-11-27T11:06:43.641-06:00  INFO 70803 --- [main] o.s.b.w.embedded.tomcat.TomcatWebServer  : Tomcat initialized with port 9221 (http)
2025-11-27T11:06:43.667-06:00  INFO 70803 --- [main] o.apache.catalina.core.StandardService   : Starting service [Tomcat]
2025-11-27T11:06:43.668-06:00  INFO 70803 --- [main] o.apache.catalina.core.StandardEngine    : Starting Servlet engine: [Apache Tomcat/10.1.46]
2025-11-27T11:06:43.726-06:00  INFO 70803 --- [main] o.a.c.c.C.[Tomcat].[localhost].[/]       : Initializing Spring embedded WebApplicationContext
2025-11-27T11:06:43.727-06:00  INFO 70803 --- [main] w.s.c.ServletWebServerApplicationContext : Root WebApplicationContext: initialization completed in 2293 ms
2025-11-27T11:06:43.919-06:00 DEBUG 70803 --- [main] o.s.b.w.s.ServletContextInitializerBeans : Mapping filters: webMvcObservationFilter urls=[/*] order=-2147483647, characterEncodingFilter urls=[/*] order=-2147483648, formContentFilter urls=[/*] order=-9900, requestContextFilter urls=[/*] order=-105
2025-11-27T11:06:43.920-06:00 DEBUG 70803 --- [main] o.s.b.w.s.ServletContextInitializerBeans : Mapping servlets: dispatcherServlet urls=[/]
2025-11-27T11:06:43.962-06:00 DEBUG 70803 --- [main] o.s.w.f.ServerHttpObservationFilter      : Filter 'webMvcObservationFilter' configured for use
2025-11-27T11:06:45.089-06:00  INFO 70803 --- [main] o.s.v.b.OptionalValidatorFactoryBean     : Failed to set up a Bean Validation provider: jakarta.validation.NoProviderFoundException: Unable to create a Configuration, because no Jakarta Bean Validation provider could be found. Add a provider like Hibernate Validator (RI) to your classpath.
2025-11-27T11:06:45.241-06:00 DEBUG 70803 --- [main] s.w.s.m.m.a.RequestMappingHandlerMapping : 23 mappings in 'requestMappingHandlerMapping'
2025-11-27T11:06:45.352-06:00 DEBUG 70803 --- [main] o.s.w.s.handler.SimpleUrlHandlerMapping  : Patterns [/webjars/**, /**, /swagger-ui*/*swagger-initializer.js, /swagger-ui*/**] in 'resourceHandlerMapping'
2025-11-27T11:06:45.415-06:00 DEBUG 70803 --- [main] s.w.s.m.m.a.RequestMappingHandlerAdapter : ControllerAdvice beans: 0 @ModelAttribute, 0 @InitBinder, 1 RequestBodyAdvice, 1 ResponseBodyAdvice
2025-11-27T11:06:45.482-06:00 DEBUG 70803 --- [main] .m.m.a.ExceptionHandlerExceptionResolver : ControllerAdvice beans: 2 @ExceptionHandler, 1 ResponseBodyAdvice
2025-11-27T11:06:45.927-06:00  INFO 70803 --- [main] o.s.b.a.e.web.EndpointLinksResolver      : Exposing 1 endpoint beneath base path '/actuator'
2025-11-27T11:06:46.061-06:00  INFO 70803 --- [main] o.s.b.w.embedded.tomcat.TomcatWebServer  : Tomcat started on port 9221 (http) with context path '/'
2025-11-27T11:06:46.089-06:00  INFO 70803 --- [main] c.h.a.c.CustomScannersServiceApplication : Started CustomScannersServiceApplication in 6.17 seconds (process running for 7.113)
2025-11-27T11:06:46.249-06:00  INFO 70803 --- [http-nio-9221-exec-1] o.a.c.c.C.[Tomcat].[localhost].[/]       : Initializing Spring DispatcherServlet 'dispatcherServlet'
2025-11-27T11:06:46.249-06:00  INFO 70803 --- [http-nio-9221-exec-1] o.s.web.servlet.DispatcherServlet        : Initializing Servlet 'dispatcherServlet'
2025-11-27T11:06:46.250-06:00 DEBUG 70803 --- [http-nio-9221-exec-1] o.s.web.servlet.DispatcherServlet        : Detected StandardServletMultipartResolver
2025-11-27T11:06:46.250-06:00 DEBUG 70803 --- [http-nio-9221-exec-1] o.s.web.servlet.DispatcherServlet        : Detected CookieLocaleResolver
2025-11-27T11:06:46.250-06:00 DEBUG 70803 --- [http-nio-9221-exec-1] o.s.web.servlet.DispatcherServlet        : Detected CookieThemeResolver
2025-11-27T11:06:46.251-06:00 DEBUG 70803 --- [http-nio-9221-exec-1] o.s.web.servlet.DispatcherServlet        : Detected org.springframework.web.servlet.view.DefaultRequestToViewNameTranslator@81248dc
2025-11-27T11:06:46.251-06:00 DEBUG 70803 --- [http-nio-9221-exec-1] o.s.web.servlet.DispatcherServlet        : Detected org.springframework.web.servlet.support.SessionFlashMapManager@540cd50d
2025-11-27T11:06:46.252-06:00 DEBUG 70803 --- [http-nio-9221-exec-1] o.s.web.servlet.DispatcherServlet        : enableLoggingRequestDetails='false': request parameters and headers will be masked to prevent unsafe logging of potentially sensitive data
2025-11-27T11:06:46.252-06:00  INFO 70803 --- [http-nio-9221-exec-1] o.s.web.servlet.DispatcherServlet        : Completed initialization in 3 ms
2025-11-27T11:06:46.285-06:00 DEBUG 70803 --- [http-nio-9221-exec-1] o.s.web.servlet.DispatcherServlet        : GET "/v1/scanRules", parameters={}
2025-11-27T11:06:46.296-06:00 DEBUG 70803 --- [http-nio-9221-exec-1] s.w.s.m.m.a.RequestMappingHandlerMapping : Mapped to com.hcl.appscan.customscannersservice.controller.CustomScannersController#getScanRules(String[])
2025-11-27T11:06:46.305-06:00  INFO 70803 --- [Thread-0] c.h.a.s.s.services.ArticleResource       : Completed reading English articles
2025-11-27T11:06:46.353-06:00 DEBUG 70803 --- [http-nio-9221-exec-1] o.s.w.s.m.m.a.HttpEntityMethodProcessor  : Using 'application/json', given [application/json, text/plain, */*] and supported [application/json]
2025-11-27T11:06:46.380-06:00 DEBUG 70803 --- [http-nio-9221-exec-1] o.s.w.s.m.m.a.HttpEntityMethodProcessor  : Writing [{Golang={com.ouncelabs.languagelite.golang.rules.WeakCryptoGolang=CustomScannersServiceScanRule{rule (truncated)...]
2025-11-27T11:06:46.542-06:00 DEBUG 70803 --- [http-nio-9221-exec-1] o.s.web.servlet.DispatcherServlet        : Completed 200 OK
